e:\programacion\paradigmas\proyecto_paradigmas\cfrontend\x64\debug\vc143.pdb
e:\programacion\paradigmas\proyecto_paradigmas\cfrontend\x64\debug\vc143.idb
e:\programacion\paradigmas\proyecto_paradigmas\cfrontend\x64\debug\vertex.obj
e:\programacion\paradigmas\proyecto_paradigmas\cfrontend\x64\debug\ventana.obj
e:\programacion\paradigmas\proyecto_paradigmas\cfrontend\x64\debug\vec.obj
e:\programacion\paradigmas\proyecto_paradigmas\cfrontend\x64\debug\stb_image.obj
e:\programacion\paradigmas\proyecto_paradigmas\cfrontend\x64\debug\shader.obj
e:\programacion\paradigmas\proyecto_paradigmas\cfrontend\x64\debug\main.obj
e:\programacion\paradigmas\proyecto_paradigmas\cfrontend\x64\debug\loadfile.obj
e:\programacion\paradigmas\proyecto_paradigmas\cfrontend\x64\debug\casilla.obj
e:\programacion\paradigmas\proyecto_paradigmas\cfrontend\x64\debug\caballo.obj
e:\programacion\paradigmas\proyecto_paradigmas\cfrontend\x64\debug\app.obj
e:\programacion\paradigmas\proyecto_paradigmas\x64\debug\cfrontend.pdb
e:\programacion\paradigmas\proyecto_paradigmas\cfrontend\x64\debug\cfrontend.tlog\cl.command.1.tlog
e:\programacion\paradigmas\proyecto_paradigmas\cfrontend\x64\debug\cfrontend.tlog\cl.read.1.tlog
e:\programacion\paradigmas\proyecto_paradigmas\cfrontend\x64\debug\cfrontend.tlog\cl.write.1.tlog
e:\programacion\paradigmas\proyecto_paradigmas\cfrontend\x64\debug\cfrontend.tlog\link-cvtres.read.1.tlog
e:\programacion\paradigmas\proyecto_paradigmas\cfrontend\x64\debug\cfrontend.tlog\link-cvtres.write.1.tlog
e:\programacion\paradigmas\proyecto_paradigmas\cfrontend\x64\debug\cfrontend.tlog\link-rc.read.1.tlog
e:\programacion\paradigmas\proyecto_paradigmas\cfrontend\x64\debug\cfrontend.tlog\link-rc.write.1.tlog
e:\programacion\paradigmas\proyecto_paradigmas\cfrontend\x64\debug\cfrontend.tlog\link.command.1.tlog
e:\programacion\paradigmas\proyecto_paradigmas\cfrontend\x64\debug\cfrontend.tlog\link.read.1.tlog
e:\programacion\paradigmas\proyecto_paradigmas\cfrontend\x64\debug\cfrontend.tlog\link.read.2.tlog
e:\programacion\paradigmas\proyecto_paradigmas\cfrontend\x64\debug\cfrontend.tlog\link.write.1.tlog
